0 info it worked if it ends with ok
1 verbose cli [ '/usr/local/bin/node',
1 verbose cli   '/usr/local/bin/npm',
1 verbose cli   'install',
1 verbose cli   'gulp-browserfy',
1 verbose cli   '--save-dev' ]
2 info using npm@1.4.28
3 info using node@v0.10.32
4 warn package.json gulp-boilerplate@1.0.0 No repository field.
5 warn package.json gulp-boilerplate@1.0.0 No README data
6 warn package.json gulp-htmltidy@0.0.1 No README data
7 verbose readDependencies using package.json deps
8 verbose cache add [ 'gulp-browserfy', null ]
9 verbose cache add name=undefined spec="gulp-browserfy" args=["gulp-browserfy",null]
10 verbose parsed url { protocol: null,
10 verbose parsed url   slashes: null,
10 verbose parsed url   auth: null,
10 verbose parsed url   host: null,
10 verbose parsed url   port: null,
10 verbose parsed url   hostname: null,
10 verbose parsed url   hash: null,
10 verbose parsed url   search: null,
10 verbose parsed url   query: null,
10 verbose parsed url   pathname: 'gulp-browserfy',
10 verbose parsed url   path: 'gulp-browserfy',
10 verbose parsed url   href: 'gulp-browserfy' }
11 silly lockFile 9f22ca1d-gulp-browserfy gulp-browserfy
12 verbose lock gulp-browserfy /Users/chrisjerochim/.npm/9f22ca1d-gulp-browserfy.lock
13 silly lockFile 9f22ca1d-gulp-browserfy gulp-browserfy
14 silly lockFile 9f22ca1d-gulp-browserfy gulp-browserfy
15 verbose addNamed [ 'gulp-browserfy', '' ]
16 verbose addNamed [ null, '*' ]
17 silly lockFile da53316a-gulp-browserfy gulp-browserfy@
18 verbose lock gulp-browserfy@ /Users/chrisjerochim/.npm/da53316a-gulp-browserfy.lock
19 silly addNameRange { name: 'gulp-browserfy', range: '*', hasData: false }
20 verbose request where is /gulp-browserfy
21 verbose request registry https://registry.npmjs.org/
22 verbose request id 08cc6e5a927d3e86
23 verbose url raw /gulp-browserfy
24 verbose url resolving [ 'https://registry.npmjs.org/', './gulp-browserfy' ]
25 verbose url resolved https://registry.npmjs.org/gulp-browserfy
26 verbose request where is https://registry.npmjs.org/gulp-browserfy
27 info trying registry request attempt 1 at 07:15:12
28 http GET https://registry.npmjs.org/gulp-browserfy
29 http 404 https://registry.npmjs.org/gulp-browserfy
30 verbose headers { date: 'Wed, 03 Dec 2014 20:15:12 GMT',
30 verbose headers   server: 'CouchDB/1.5.0 (Erlang OTP/R16B03)',
30 verbose headers   'content-type': 'application/json',
30 verbose headers   'cache-control': 'max-age=0',
30 verbose headers   'content-length': '52',
30 verbose headers   'accept-ranges': 'bytes',
30 verbose headers   via: '1.1 varnish',
30 verbose headers   age: '0',
30 verbose headers   'x-served-by': 'cache-syd1623-SYD',
30 verbose headers   'x-cache': 'MISS',
30 verbose headers   'x-cache-hits': '0',
30 verbose headers   'x-timer': 'S1417637711.667881,VS0,VE752',
30 verbose headers   'keep-alive': 'timeout=10, max=50',
30 verbose headers   connection: 'Keep-Alive' }
31 silly registry.get cb [ 404,
31 silly registry.get   { date: 'Wed, 03 Dec 2014 20:15:12 GMT',
31 silly registry.get     server: 'CouchDB/1.5.0 (Erlang OTP/R16B03)',
31 silly registry.get     'content-type': 'application/json',
31 silly registry.get     'cache-control': 'max-age=0',
31 silly registry.get     'content-length': '52',
31 silly registry.get     'accept-ranges': 'bytes',
31 silly registry.get     via: '1.1 varnish',
31 silly registry.get     age: '0',
31 silly registry.get     'x-served-by': 'cache-syd1623-SYD',
31 silly registry.get     'x-cache': 'MISS',
31 silly registry.get     'x-cache-hits': '0',
31 silly registry.get     'x-timer': 'S1417637711.667881,VS0,VE752',
31 silly registry.get     'keep-alive': 'timeout=10, max=50',
31 silly registry.get     connection: 'Keep-Alive' } ]
32 silly lockFile da53316a-gulp-browserfy gulp-browserfy@
33 silly lockFile da53316a-gulp-browserfy gulp-browserfy@
34 error 404 404 Not Found: gulp-browserfy
34 error 404
34 error 404 'gulp-browserfy' is not in the npm registry.
34 error 404 You should bug the author to publish it
34 error 404 It was specified as a dependency of 'gulp-boilerplate'
34 error 404
34 error 404 Note that you can also install from a
34 error 404 tarball, folder, or http url, or git url.
35 error System Darwin 14.0.0
36 error command "/usr/local/bin/node" "/usr/local/bin/npm" "install" "gulp-browserfy" "--save-dev"
37 error cwd /Users/chrisjerochim/Development/boilerplate/gulp-boilerplate-unit
38 error node -v v0.10.32
39 error npm -v 1.4.28
40 error code E404
41 verbose exit [ 1, true ]
